#
# A fatal error has been detected by the Java Runtime Environment:
#
#  EXCEPTION_ACCESS_VIOLATION (0xc0000005) at pc=0x0000000065157a11, pid=8804, tid=9060
#
# JRE version: 7.0_17-b02
# Java VM: Java HotSpot(TM) 64-Bit Server VM (23.7-b01 mixed mode windows-amd64 compressed oops)
# Problematic frame:
# V  [jvm.dll+0x267a11]
#
# Failed to write core dump. Minidumps are not enabled by default on client versions of Windows
#
# If you would like to submit a bug report, please visit:
#   http://bugreport.sun.com/bugreport/crash.jsp
#

---------------  T H R E A D  ---------------

Current thread (0x00000000106af000):  JavaThread "FileSystemWatcher: files=#11 cl=groovy.lang.GroovyClassLoader@7d5d82c1" daemon [_thread_in_vm, id=9060, stack(0x00000000196a0000,0x00000000197a0000)]

siginfo: ExceptionCode=0xc0000005, reading address 0x0000000000000009

Registers:
RAX=0x00000000026f7500, RBX=0x000000001979c420, RCX=0x000000001979c500, RDX=0x00000000026c4f90
RSP=0x000000001979c3c0, RBP=0x000000001979c4f0, RSI=0x000000001979c530, RDI=0x000000001979c500
R8 =0x0000000000000001, R9 =0x000000000c33c388, R10=0x00000000000002d8, R11=0x000000001979c3b0
R12=0x0000000000000000, R13=0x000000000fe46ef0, R14=0x0000000000000000, R15=0x000000000c33bfa0
RIP=0x0000000065157a11, EFLAGS=0x0000000000010246

Top of Stack: (sp=0x000000001979c3c0)
0x000000001979c3c0:   000000001979c420 000000001979c4f0
0x000000001979c3d0:   0000000000000000 000000000fe46ef0
0x000000001979c3e0:   0000000000000000 0000000064f2ea16
0x000000001979c3f0:   0000000002967910 000000000c33c388
0x000000001979c400:   000000001979c4f0 000000000000001b
0x000000001979c410:   0000000d5f5f0101 0000000002967910
0x000000001979c420:   000000001979ed10 000000000c33c388
0x000000001979c430:   0000000000000000 0000000000000000
0x000000001979c440:   0000000000000001 000000001979ed10
0x000000001979c450:   0000000000000400 000000000c33c388
0x000000001979c460:   00000000106af000 0000000002968dc8
0x000000001979c470:   0000000000000100 0000000002967910
0x000000001979c480:   0000000000000000 000000000c33bfb0
0x000000001979c490:   000000000fcdfd30 00000000f0eed688
0x000000001979c4a0:   00000000f0eed6a8 00000000f0eed738
0x000000001979c4b0:   000000000000000d 0000000000d000ce 

Instructions: (pc=0x0000000065157a11)
0x00000000651579f1:   cb e8 49 fe ff ff 48 8b c7 48 8b 5c 24 30 48 8b
0x0000000065157a01:   74 24 38 48 83 c4 20 5f c3 4c 8b 43 20 48 8b cf
0x0000000065157a11:   4d 8b 48 08 49 8d 50 10 4d 8b 00 e8 bf e5 dc ff
0x0000000065157a21:   48 8b 5c 24 30 48 8b 74 24 38 48 8b c7 48 83 c4 


Register to memory mapping:

RAX=0x00000000026f7500 is pointing into interpreter code (not bytecode specific)
RBX=0x000000001979c420 is pointing into the stack for thread: 0x00000000106af000
RCX=0x000000001979c500 is pointing into the stack for thread: 0x00000000106af000
RDX=0x00000000026c4f90 [CodeBlob (0x00000000026c4f90)]
Framesize: 6
RicochetBlob
RSP=0x000000001979c3c0 is pointing into the stack for thread: 0x00000000106af000
RBP=0x000000001979c4f0 is pointing into the stack for thread: 0x00000000106af000
RSI=0x000000001979c530 is pointing into the stack for thread: 0x00000000106af000
RDI=0x000000001979c500 is pointing into the stack for thread: 0x00000000106af000
R8 =0x0000000000000001 is an unknown value
R9 =0x000000000c33c388 is an unknown value
R10=0x00000000000002d8 is an unknown value
R11=0x000000001979c3b0 is pointing into the stack for thread: 0x00000000106af000
R12=0x0000000000000000 is an unknown value
R13=0x000000000fe46ef0 is an unknown value
R14=0x0000000000000000 is an unknown value
R15=0x000000000c33bfa0 is an unknown value


Stack: [0x00000000196a0000,0x00000000197a0000],  sp=0x000000001979c3c0,  free space=1008k
Native frames: (J=compiled Java code, j=interpreted, Vv=VM code, C=native code)
V  [jvm.dll+0x267a11]
C  0x000000001979ea78
V  [jvm.dll+0x1ae734]

Java frames: (J=compiled Java code, j=interpreted, Vv=VM code)
J  java.lang.Throwable.fillInStackTrace(I)Ljava/lang/Throwable;
J  java.lang.ClassNotFoundException.<init>(Ljava/lang/String;)V
J  java.net.URLClassLoader$1.run()Ljava/lang/Object;
v  ~StubRoutines::call_stub
J  java.security.AccessController.doPrivileged(Ljava/security/PrivilegedExceptionAction;Ljava/security/AccessControlContext;)Ljava/lang/Object;
J  org.codehaus.groovy.tools.RootLoader.loadClass(Ljava/lang/String;Z)Ljava/lang/Class;
J  org.codehaus.groovy.grails.cli.support.GrailsRootLoader.loadClass(Ljava/lang/String;Z)Ljava/lang/Class;
J  java.lang.ClassLoader.loadClass(Ljava/lang/String;Z)Ljava/lang/Class;
j  groovy.lang.GroovyClassLoader.loadClass(Ljava/lang/String;ZZZ)Ljava/lang/Class;+30
j  groovy.lang.GroovyClassLoader.loadClass(Ljava/lang/String;Z)Ljava/lang/Class;+5
j  groovy.lang.GroovyClassLoader.loadClass(Ljava/lang/String;)Ljava/lang/Class;+3
v  ~StubRoutines::call_stub
j  mx.gob.inr.utils.IOperacionService.<clinit>()V+44
v  ~StubRoutines::call_stub
j  mx.gob.inr.utils.IOperacionService$$EO5XtxSm.___clinit___()V+27
C  0x000000000000184c
V  [jvm.dll+0x1ae734]
C  0x000000000c33c388

[error occurred during error reporting (printing Java stack), id 0xc0000005]


---------------  P R O C E S S  ---------------

Java Threads: ( => current thread )
  0x0000000011ff6000 JavaThread "FileSystemWatcher: files=#4 cl=groovy.lang.GroovyClassLoader@2e6ddf59" daemon [_thread_blocked, id=1368, stack(0x000000001a070000,0x000000001a170000)]
  0x0000000011ff7000 JavaThread "FileSystemWatcher: files=#11 cl=groovy.lang.GroovyClassLoader@3b356199" daemon [_thread_blocked, id=8596, stack(0x0000000019e80000,0x0000000019f80000)]
  0x00000000106b1000 JavaThread "FileSystemWatcher: files=#11 cl=groovy.lang.GroovyClassLoader@4d9e24d8" daemon [_thread_blocked, id=8020, stack(0x0000000019ce0000,0x0000000019de0000)]
=>0x00000000106af000 JavaThread "FileSystemWatcher: files=#11 cl=groovy.lang.GroovyClassLoader@7d5d82c1" daemon [_thread_in_vm, id=9060, stack(0x00000000196a0000,0x00000000197a0000)]
  0x00000000106af800 JavaThread "FileSystemWatcher: files=#4 cl=groovy.lang.GroovyClassLoader@7f53f79b" daemon [_thread_blocked, id=5388, stack(0x00000000197e0000,0x00000000198e0000)]
  0x00000000106ae000 JavaThread "FileSystemWatcher: files=#1 cl=groovy.lang.GroovyClassLoader@36098f89" daemon [_thread_blocked, id=4960, stack(0x0000000018080000,0x0000000018180000)]
  0x00000000106ad800 JavaThread "pool-3-thread-1" [_thread_blocked, id=5532, stack(0x00000000193a0000,0x00000000194a0000)]
  0x0000000011fea000 JavaThread "http-bio-8090-exec-15" daemon [_thread_blocked, id=5956, stack(0x00000000161a0000,0x00000000162a0000)]
  0x0000000011feb000 JavaThread "http-bio-8090-exec-14" daemon [_thread_blocked, id=6404, stack(0x0000000017f80000,0x0000000018080000)]
  0x0000000011ff4800 JavaThread "http-bio-8090-exec-13" daemon [_thread_blocked, id=3448, stack(0x0000000016050000,0x0000000016150000)]
  0x0000000011fee000 JavaThread "FileSystemWatcher: files=#8 cl=groovy.lang.GroovyClassLoader@58fa406f" daemon [_thread_blocked, id=1332, stack(0x0000000017d60000,0x0000000017e60000)]
  0x00000000106ac800 JavaThread "http-bio-8090-exec-10" daemon [_thread_blocked, id=4340, stack(0x0000000019b40000,0x0000000019c40000)]
  0x00000000106ac000 JavaThread "http-bio-8090-exec-9" daemon [_thread_blocked, id=6860, stack(0x0000000019a10000,0x0000000019b10000)]
  0x0000000011ff8800 JavaThread "http-bio-8090-exec-12" daemon [_thread_blocked, id=2440, stack(0x0000000019580000,0x0000000019680000)]
  0x0000000011ff7800 JavaThread "http-bio-8090-exec-8" daemon [_thread_blocked, id=6636, stack(0x0000000019220000,0x0000000019320000)]
  0x0000000011ff4000 JavaThread "http-bio-8090-exec-3" daemon [_thread_blocked, id=4044, stack(0x0000000017e60000,0x0000000017f60000)]
  0x0000000011ff3000 JavaThread "http-bio-8090-exec-2" daemon [_thread_blocked, id=6868, stack(0x0000000016bc0000,0x0000000016cc0000)]
  0x0000000011ff1800 JavaThread "http-bio-8090-exec-1" daemon [_thread_blocked, id=6796, stack(0x0000000016440000,0x0000000016540000)]
  0x0000000011ff1000 JavaThread "Thread-10" daemon [_thread_blocked, id=956, stack(0x0000000016880000,0x0000000016980000)]
  0x0000000011ff0000 JavaThread "http-bio-8090-AsyncTimeout" daemon [_thread_blocked, id=5456, stack(0x0000000016760000,0x0000000016860000)]
  0x0000000011fef800 JavaThread "http-bio-8090-Acceptor-0" daemon [_thread_in_native, id=7784, stack(0x0000000016550000,0x0000000016650000)]
  0x0000000011fee800 JavaThread "ContainerBackgroundProcessor[StandardEngine[Tomcat]]" daemon [_thread_blocked, id=8536, stack(0x0000000015bb0000,0x0000000015cb0000)]
  0x0000000011fec800 JavaThread "net.sf.ehcache.CacheManager@74e7ee9b" daemon [_thread_blocked, id=3724, stack(0x00000000162e0000,0x00000000163e0000)]
  0x0000000011feb800 JavaThread "net.sf.ehcache.CacheManager@32bd7a8d" daemon [_thread_blocked, id=8564, stack(0x00000000169c0000,0x0000000016ac0000)]
  0x0000000011fe9800 JavaThread "pool-2-thread-5" [_thread_blocked, id=856, stack(0x0000000015e90000,0x0000000015f90000)]
  0x0000000013907800 JavaThread "pool-2-thread-4" [_thread_blocked, id=5396, stack(0x0000000015ab0000,0x0000000015bb0000)]
  0x00000000140b6000 JavaThread "pool-2-thread-3" [_thread_blocked, id=8568, stack(0x000000000cf70000,0x000000000d070000)]
  0x0000000012dd8800 JavaThread "pool-2-thread-2" [_thread_blocked, id=8552, stack(0x00000000159b0000,0x0000000015ab0000)]
  0x000000000c52d000 JavaThread "pool-2-thread-1" [_thread_blocked, id=6604, stack(0x000000000f210000,0x000000000f310000)]
  0x00000000140c1000 JavaThread "pool-1-thread-5" [_thread_blocked, id=3796, stack(0x0000000015830000,0x0000000015930000)]
  0x0000000014375800 JavaThread "pool-1-thread-4" [_thread_blocked, id=7104, stack(0x000000000cd40000,0x000000000ce40000)]
  0x000000000fadd800 JavaThread "pool-1-thread-3" [_thread_blocked, id=8080, stack(0x00000000135a0000,0x00000000136a0000)]
  0x0000000011d75800 JavaThread "pool-1-thread-2" [_thread_blocked, id=4816, stack(0x0000000015700000,0x0000000015800000)]
  0x00000000147ec800 JavaThread "pool-1-thread-1" [_thread_blocked, id=7796, stack(0x000000000e0d0000,0x000000000e1d0000)]
  0x0000000011e2d000 JavaThread "FileSystemWatcher: files=#426 cl=java.net.URLClassLoader@7ef73671" daemon [_thread_blocked, id=8836, stack(0x000000000f3e0000,0x000000000f4e0000)]
  0x000000000b210000 JavaThread "Service Thread" daemon [_thread_blocked, id=4348, stack(0x000000000bbd0000,0x000000000bcd0000)]
  0x000000000b20f000 JavaThread "C2 CompilerThread1" daemon [_thread_blocked, id=4264, stack(0x000000000b9a0000,0x000000000baa0000)]
  0x000000000b218000 JavaThread "C2 CompilerThread0" daemon [_thread_blocked, id=2500, stack(0x000000000b6b0000,0x000000000b7b0000)]
  0x000000000b1ac800 JavaThread "Attach Listener" daemon [_thread_blocked, id=6108, stack(0x000000000b820000,0x000000000b920000)]
  0x000000000b1ab800 JavaThread "Signal Dispatcher" daemon [_thread_blocked, id=5768, stack(0x000000000b5a0000,0x000000000b6a0000)]
  0x0000000009137800 JavaThread "Finalizer" daemon [_thread_blocked, id=6600, stack(0x000000000b060000,0x000000000b160000)]
  0x000000000912f800 JavaThread "Reference Handler" daemon [_thread_blocked, id=9004, stack(0x000000000ae30000,0x000000000af30000)]
  0x00000000022fd800 JavaThread "main" [_thread_blocked, id=5552, stack(0x00000000024c0000,0x00000000025c0000)]

Other Threads:
  0x0000000009127800 VMThread [stack: 0x000000000acb0000,0x000000000adb0000] [id=8932]
  0x000000000b213000 WatcherThread [stack: 0x000000000bd20000,0x000000000be20000] [id=156]

VM state:not at safepoint (normal execution)

VM Mutex/Monitor currently owned by a thread: None

Heap
 PSYoungGen      total 129152K, used 33042K [0x00000000f0000000, 0x00000000f9e10000, 0x0000000100000000)
  eden space 103616K, 14% used [0x00000000f0000000,0x00000000f0efc8b0,0x00000000f6530000)
  from space 25536K, 69% used [0x00000000f8520000,0x00000000f9668210,0x00000000f9e10000)
  to   space 29120K, 0% used [0x00000000f6530000,0x00000000f6530000,0x00000000f81a0000)
 ParOldGen       total 235456K, used 178874K [0x00000000d0000000, 0x00000000de5f0000, 0x00000000f0000000)
  object space 235456K, 75% used [0x00000000d0000000,0x00000000daeaead8,0x00000000de5f0000)
 PSPermGen       total 134720K, used 106208K [0x00000000c0000000, 0x00000000c8390000, 0x00000000d0000000)
  object space 134720K, 78% used [0x00000000c0000000,0x00000000c67b81c8,0x00000000c8390000)

Card table byte_map: [0x00000000056c0000,0x00000000058d0000] byte_map_base: 0x00000000050c0000

Polling page: 0x0000000000120000

Code Cache  [0x00000000026c0000, 0x0000000003080000, 0x00000000056c0000)
 total_blobs=2763 nmethods=2066 adapters=646 free_code_cache=39921Kb largest_free_block=40155840

Compilation events (10 events):
Event: 34036.914 Thread 0x000000000b20f000 nmethod 2358 0x0000000002974dd0 code [0x0000000002974f20, 0x00000000029751d8]
Event: 34036.926 Thread 0x000000000b218000 nmethod 54% 0x0000000002c64090 code [0x0000000002c642c0, 0x0000000002c64fe0]
Event: 34037.408 Thread 0x000000000b20f000 2359             org.springsource.loaded.TypeDiffComputer::computeMethodDelta (201 bytes)
Event: 34037.413 Thread 0x000000000b218000 2360             org.springsource.loaded.MethodCopier::visitMethodInsn (143 bytes)
Event: 34037.423 Thread 0x000000000b218000 nmethod 2360 0x0000000002d77e90 code [0x0000000002d78060, 0x0000000002d78990]
Event: 34037.427 Thread 0x000000000b20f000 nmethod 2359 0x0000000002f96710 code [0x0000000002f96940, 0x0000000002f97a50]
Event: 34093.850 Thread 0x000000000b218000 2361             java.util.ComparableTimSort::mergeLo (652 bytes)
Event: 34093.859 Thread 0x000000000b20f000 2362  s          org.apache.tools.ant.DirectoryScanner::addDefaultExcludes (98 bytes)
Event: 34093.864 Thread 0x000000000b20f000 nmethod 2362 0x00000000028b84d0 code [0x00000000028b8660, 0x00000000028b8e28]
Event: 34093.865 Thread 0x000000000b218000 nmethod 2361 0x0000000002f945d0 code [0x0000000002f947a0, 0x0000000002f95bb0]

GC Heap History (10 events):
Event: 33767.806 GC heap before
{Heap before GC invocations=88 (full 2):
 PSYoungGen      total 137856K, used 131455K [0x00000000f0000000, 0x00000000fb910000, 0x0000000100000000)
  eden space 119744K, 94% used [0x00000000f0000000,0x00000000f6eb4d00,0x00000000f74f0000)
  from space 18112K, 99% used [0x00000000f7880000,0x00000000f8a2b0b8,0x00000000f8a30000)
  to   space 34880K, 0% used [0x00000000f9700000,0x00000000f9700000,0x00000000fb910000)
 ParOldGen       total 235456K, used 175790K [0x00000000d0000000, 0x00000000de5f0000, 0x00000000f0000000)
  object space 235456K, 74% used [0x00000000d0000000,0x00000000dababa98,0x00000000de5f0000)
 PSPermGen       total 134720K, used 102135K [0x00000000c0000000, 0x00000000c8390000, 0x00000000d0000000)
  object space 134720K, 75% used [0x00000000c0000000,0x00000000c63bdc10,0x00000000c8390000)
Event: 33767.818 GC heap after
Heap after GC invocations=88 (full 2):
 PSYoungGen      total 145152K, used 12264K [0x00000000f0000000, 0x00000000fb340000, 0x0000000100000000)
  eden space 116224K, 0% used [0x00000000f0000000,0x00000000f0000000,0x00000000f7180000)
  from space 28928K, 42% used [0x00000000f9700000,0x00000000fa2fa238,0x00000000fb340000)
  to   space 33664K, 0% used [0x00000000f7180000,0x00000000f7180000,0x00000000f9260000)
 ParOldGen       total 235456K, used 176054K [0x00000000d0000000, 0x00000000de5f0000, 0x00000000f0000000)
  object space 235456K, 74% used [0x00000000d0000000,0x00000000dabeda98,0x00000000de5f0000)
 PSPermGen       total 134720K, used 102135K [0x00000000c0000000, 0x00000000c8390000, 0x00000000d0000000)
  object space 134720K, 75% used [0x00000000c0000000,0x00000000c63bdc10,0x00000000c8390000)
}
Event: 33867.377 GC heap before
{Heap before GC invocations=89 (full 2):
 PSYoungGen      total 145152K, used 120775K [0x00000000f0000000, 0x00000000fb340000, 0x0000000100000000)
  eden space 116224K, 93% used [0x00000000f0000000,0x00000000f69f7b50,0x00000000f7180000)
  from space 28928K, 42% used [0x00000000f9700000,0x00000000fa2fa238,0x00000000fb340000)
  to   space 33664K, 0% used [0x00000000f7180000,0x00000000f7180000,0x00000000f9260000)
 ParOldGen       total 235456K, used 176054K [0x00000000d0000000, 0x00000000de5f0000, 0x00000000f0000000)
  object space 235456K, 74% used [0x00000000d0000000,0x00000000dabeda98,0x00000000de5f0000)
 PSPermGen       total 134720K, used 103113K [0x00000000c0000000, 0x00000000c8390000, 0x00000000d0000000)
  object space 134720K, 76% used [0x00000000c0000000,0x00000000c64b24e0,0x00000000c8390000)
Event: 33867.401 GC heap after
Heap after GC invocations=89 (full 2):
 PSYoungGen      total 125760K, used 12874K [0x00000000f0000000, 0x00000000fad50000, 0x0000000100000000)
  eden space 112832K, 0% used [0x00000000f0000000,0x00000000f0000000,0x00000000f6e30000)
  from space 12928K, 99% used [0x00000000f7180000,0x00000000f7e12928,0x00000000f7e20000)
  to   space 32320K, 0% used [0x00000000f8dc0000,0x00000000f8dc0000,0x00000000fad50000)
 ParOldGen       total 235456K, used 176388K [0x00000000d0000000, 0x00000000de5f0000, 0x00000000f0000000)
  object space 235456K, 74% used [0x00000000d0000000,0x00000000dac412b8,0x00000000de5f0000)
 PSPermGen       total 134720K, used 103113K [0x00000000c0000000, 0x00000000c8390000, 0x00000000d0000000)
  object space 134720K, 76% used [0x00000000c0000000,0x00000000c64b24e0,0x00000000c8390000)
}
Event: 33885.653 GC heap before
{Heap before GC invocations=90 (full 2):
 PSYoungGen      total 125760K, used 116826K [0x00000000f0000000, 0x00000000fad50000, 0x0000000100000000)
  eden space 112832K, 92% used [0x00000000f0000000,0x00000000f6584040,0x00000000f6e30000)
  from space 12928K, 99% used [0x00000000f7180000,0x00000000f7e12928,0x00000000f7e20000)
  to   space 32320K, 0% used [0x00000000f8dc0000,0x00000000f8dc0000,0x00000000fad50000)
 ParOldGen       total 235456K, used 176388K [0x00000000d0000000, 0x00000000de5f0000, 0x00000000f0000000)
  object space 235456K, 74% used [0x00000000d0000000,0x00000000dac412b8,0x00000000de5f0000)
 PSPermGen       total 134720K, used 104107K [0x00000000c0000000, 0x00000000c8390000, 0x00000000d0000000)
  object space 134720K, 77% used [0x00000000c0000000,0x00000000c65aaf00,0x00000000c8390000)
Event: 33885.662 GC heap after
Heap after GC invocations=90 (full 2):
 PSYoungGen      total 135424K, used 15390K [0x00000000f0000000, 0x00000000fa6f0000, 0x0000000100000000)
  eden space 109632K, 0% used [0x00000000f0000000,0x00000000f0000000,0x00000000f6b10000)
  from space 25792K, 59% used [0x00000000f8dc0000,0x00000000f9cc78a0,0x00000000fa6f0000)
  to   space 30656K, 0% used [0x00000000f6b10000,0x00000000f6b10000,0x00000000f8900000)
 ParOldGen       total 235456K, used 176673K [0x00000000d0000000, 0x00000000de5f0000, 0x00000000f0000000)
  object space 235456K, 75% used [0x00000000d0000000,0x00000000dac88758,0x00000000de5f0000)
 PSPermGen       total 134720K, used 104107K [0x00000000c0000000, 0x00000000c8390000, 0x00000000d0000000)
  object space 134720K, 77% used [0x00000000c0000000,0x00000000c65aaf00,0x00000000c8390000)
}
Event: 33976.168 GC heap before
{Heap before GC invocations=91 (full 2):
 PSYoungGen      total 135424K, used 124977K [0x00000000f0000000, 0x00000000fa6f0000, 0x0000000100000000)
  eden space 109632K, 99% used [0x00000000f0000000,0x00000000f6b04e38,0x00000000f6b10000)
  from space 25792K, 59% used [0x00000000f8dc0000,0x00000000f9cc78a0,0x00000000fa6f0000)
  to   space 30656K, 0% used [0x00000000f6b10000,0x00000000f6b10000,0x00000000f8900000)
 ParOldGen       total 235456K, used 176673K [0x00000000d0000000, 0x00000000de5f0000, 0x00000000f0000000)
  object space 235456K, 75% used [0x00000000d0000000,0x00000000dac88758,0x00000000de5f0000)
 PSPermGen       total 134720K, used 105082K [0x00000000c0000000, 0x00000000c8390000, 0x00000000d0000000)
  object space 134720K, 78% used [0x00000000c0000000,0x00000000c669ebf8,0x00000000c8390000)
Event: 33976.192 GC heap after
Heap after GC invocations=91 (full 2):
 PSYoungGen      total 123712K, used 17146K [0x00000000f0000000, 0x00000000fa230000, 0x0000000100000000)
  eden space 106560K, 0% used [0x00000000f0000000,0x00000000f0000000,0x00000000f6810000)
  from space 17152K, 99% used [0x00000000f6b10000,0x00000000f7bce918,0x00000000f7bd0000)
  to   space 29760K, 0% used [0x00000000f8520000,0x00000000f8520000,0x00000000fa230000)
 ParOldGen       total 235456K, used 177200K [0x00000000d0000000, 0x00000000de5f0000, 0x00000000f0000000)
  object space 235456K, 75% used [0x00000000d0000000,0x00000000dad0c230,0x00000000de5f0000)
 PSPermGen       total 134720K, used 105082K [0x00000000c0000000, 0x00000000c8390000, 0x00000000d0000000)
  object space 134720K, 78% used [0x00000000c0000000,0x00000000c669ebf8,0x00000000c8390000)
}
Event: 34070.886 GC heap before
{Heap before GC invocations=92 (full 2):
 PSYoungGen      total 123712K, used 123706K [0x00000000f0000000, 0x00000000fa230000, 0x0000000100000000)
  eden space 106560K, 100% used [0x00000000f0000000,0x00000000f6810000,0x00000000f6810000)
  from space 17152K, 99% used [0x00000000f6b10000,0x00000000f7bce918,0x00000000f7bd0000)
  to   space 29760K, 0% used [0x00000000f8520000,0x00000000f8520000,0x00000000fa230000)
 ParOldGen       total 235456K, used 177200K [0x00000000d0000000, 0x00000000de5f0000, 0x00000000f0000000)
  object space 235456K, 75% used [0x00000000d0000000,0x00000000dad0c230,0x00000000de5f0000)
 PSPermGen       total 134720K, used 106201K [0x00000000c0000000, 0x00000000c8390000, 0x00000000d0000000)
  object space 134720K, 78% used [0x00000000c0000000,0x00000000c67b67f0,0x00000000c8390000)
Event: 34070.897 GC heap after
Heap after GC invocations=92 (full 2):
 PSYoungGen      total 129152K, used 17696K [0x00000000f0000000, 0x00000000f9e10000, 0x0000000100000000)
  eden space 103616K, 0% used [0x00000000f0000000,0x00000000f0000000,0x00000000f6530000)
  from space 25536K, 69% used [0x00000000f8520000,0x00000000f9668210,0x00000000f9e10000)
  to   space 29120K, 0% used [0x00000000f6530000,0x00000000f6530000,0x00000000f81a0000)
 ParOldGen       total 235456K, used 178874K [0x00000000d0000000, 0x00000000de5f0000, 0x00000000f0000000)
  object space 235456K, 75% used [0x00000000d0000000,0x00000000daeaead8,0x00000000de5f0000)
 PSPermGen       total 134720K, used 106201K [0x00000000c0000000, 0x00000000c8390000, 0x00000000d0000000)
  object space 134720K, 78% used [0x00000000c0000000,0x00000000c67b67f0,0x00000000c8390000)
}

Deoptimization events (10 events):
Event: 33768.984 Thread 0x0000000011e2d000 Uncommon trap -34 fr.pc 0x00000000029f0ca8
Event: 33768.993 Thread 0x0000000011e2d000 Uncommon trap -34 fr.pc 0x000000000287fd70
Event: 33768.993 Thread 0x0000000011e2d000 Uncommon trap -34 fr.pc 0x00000000029f0ca8
Event: 33768.999 Thread 0x0000000011e2d000 Uncommon trap -34 fr.pc 0x000000000287fd70
Event: 33867.505 Thread 0x0000000011e2d000 Uncommon trap -58 fr.pc 0x0000000002bc13b0
Event: 33867.530 Thread 0x0000000011e2d000 Uncommon trap -34 fr.pc 0x0000000002ccf7e0
Event: 34036.730 Thread 0x00000000106af000 Uncommon trap -83 fr.pc 0x0000000002c54db4
Event: 34093.962 Thread 0x00000000106af000 Uncommon trap -83 fr.pc 0x00000000029a1318
Event: 34093.962 Thread 0x00000000106af000 Uncommon trap -83 fr.pc 0x0000000002c45c1c
Event: 34093.962 Thread 0x00000000106af000 Uncommon trap -83 fr.pc 0x00000000029f4d94

Internal exceptions (10 events):
Event: 34093.898 Thread 0x0000000011ff1000 Threw 0x00000000f0d642e8 at C:\jdk7u2_64p\jdk7u17\hotspot\src\share\vm\prims\jvm.cpp:1166
Event: 34093.898 Thread 0x0000000011ff1000 Threw 0x00000000f0d65270 at C:\jdk7u2_64p\jdk7u17\hotspot\src\share\vm\prims\jvm.cpp:1166
Event: 34093.898 Thread 0x0000000011ff1000 Threw 0x00000000f0d65a30 at C:\jdk7u2_64p\jdk7u17\hotspot\src\share\vm\prims\jvm.cpp:1166
Event: 34093.898 Thread 0x0000000011ff1000 Threw 0x00000000f0d6c200 at C:\jdk7u2_64p\jdk7u17\hotspot\src\share\vm\prims\jvm.cpp:1166
Event: 34093.898 Thread 0x0000000011ff1000 Threw 0x00000000f0d6c7f8 at C:\jdk7u2_64p\jdk7u17\hotspot\src\share\vm\prims\jvm.cpp:1166
Event: 34093.898 Thread 0x0000000011ff1000 Threw 0x00000000f0d6cfb8 at C:\jdk7u2_64p\jdk7u17\hotspot\src\share\vm\prims\jvm.cpp:1166
Event: 34093.898 Thread 0x0000000011ff1000 Threw 0x00000000f0d753f0 at C:\jdk7u2_64p\jdk7u17\hotspot\src\share\vm\prims\jvm.cpp:1166
Event: 34093.962 Thread 0x00000000106af000 Implicit null exception at 0x00000000029a11bc to 0x00000000029a1309
Event: 34093.962 Thread 0x00000000106af000 Implicit null exception at 0x0000000002c45a3f to 0x0000000002c45c08
Event: 34093.962 Thread 0x00000000106af000 Implicit null exception at 0x00000000029f4c9c to 0x00000000029f4d86

Events (10 events):
Event: 34093.898 loading class 0x000000000d67ceb0
Event: 34093.898 loading class 0x000000000d67ceb0 done
Event: 34093.898 loading class 0x000000000d67ceb0
Event: 34093.898 loading class 0x000000000d67ceb0 done
Event: 34093.962 Thread 0x00000000106af000 DEOPT PACKING pc=0x00000000029a1318 sp=0x000000001979ede0
Event: 34093.962 Thread 0x00000000106af000 DEOPT UNPACKING pc=0x00000000026f9164 sp=0x000000001979ed88 mode 2
Event: 34093.962 Thread 0x00000000106af000 DEOPT PACKING pc=0x0000000002c45c1c sp=0x000000001979d890
Event: 34093.962 Thread 0x00000000106af000 DEOPT UNPACKING pc=0x00000000026f9164 sp=0x000000001979d810 mode 2
Event: 34093.962 Thread 0x00000000106af000 DEOPT PACKING pc=0x00000000029f4d94 sp=0x000000001979d890
Event: 34093.962 Thread 0x00000000106af000 DEOPT UNPACKING pc=0x00000000026f9164 sp=0x000000001979d810 mode 2


Dynamic libraries:
0x000000013fb00000 - 0x000000013fb33000 	C:\Program Files\Java\jdk1.7.0_17\bin\javaw.exe
0x0000000076e70000 - 0x0000000077019000 	C:\Windows\SYSTEM32\ntdll.dll
0x0000000076d50000 - 0x0000000076e6f000 	C:\Windows\system32\kernel32.dll
0x000007fefcd70000 - 0x000007fefcddb000 	C:\Windows\system32\KERNELBASE.dll
0x000007fefd080000 - 0x000007fefd15b000 	C:\Windows\system32\ADVAPI32.dll
0x000007fefeff0000 - 0x000007feff08f000 	C:\Windows\system32\msvcrt.dll
0x000007fefee70000 - 0x000007fefee8f000 	C:\Windows\SYSTEM32\sechost.dll
0x000007fefd600000 - 0x000007fefd72d000 	C:\Windows\system32\RPCRT4.dll
0x0000000076c50000 - 0x0000000076d4a000 	C:\Windows\system32\USER32.dll
0x000007feff110000 - 0x000007feff177000 	C:\Windows\system32\GDI32.dll
0x000007fefdc60000 - 0x000007fefdc6e000 	C:\Windows\system32\LPK.dll
0x000007fefd530000 - 0x000007fefd5f9000 	C:\Windows\system32\USP10.dll
0x000007fefb6a0000 - 0x000007fefb894000 	C:\Windows\WinSxS\amd64_microsoft.windows.common-controls_6595b64144ccf1df_6.0.7601.17514_none_fa396087175ac9ac\COMCTL32.dll
0x000007fefd460000 - 0x000007fefd4d1000 	C:\Windows\system32\SHLWAPI.dll
0x000007fefeb00000 - 0x000007fefeb2e000 	C:\Windows\system32\IMM32.DLL
0x000007fefeb30000 - 0x000007fefec39000 	C:\Windows\system32\MSCTF.dll
0x000000006d470000 - 0x000000006d541000 	C:\Program Files\Java\jdk1.7.0_17\jre\bin\msvcr100.dll
0x0000000064ef0000 - 0x000000006560f000 	C:\Program Files\Java\jdk1.7.0_17\jre\bin\server\jvm.dll
0x000007fef7e20000 - 0x000007fef7e29000 	C:\Windows\system32\WSOCK32.dll
0x000007fefd4e0000 - 0x000007fefd52d000 	C:\Windows\system32\WS2_32.dll
0x000007fefd160000 - 0x000007fefd168000 	C:\Windows\system32\NSI.dll
0x000007fefaaa0000 - 0x000007fefaadb000 	C:\Windows\system32\WINMM.dll
0x0000000077040000 - 0x0000000077047000 	C:\Windows\system32\PSAPI.DLL
0x0000000074290000 - 0x000000007429f000 	C:\Program Files\Java\jdk1.7.0_17\jre\bin\verify.dll
0x000000006da50000 - 0x000000006da78000 	C:\Program Files\Java\jdk1.7.0_17\jre\bin\java.dll
0x000000006d3a0000 - 0x000000006d3c3000 	C:\Program Files\Java\jdk1.7.0_17\jre\bin\instrument.dll
0x0000000073700000 - 0x0000000073715000 	C:\Program Files\Java\jdk1.7.0_17\jre\bin\zip.dll
0x000007fefc4e0000 - 0x000007fefc4f7000 	C:\Windows\system32\CRYPTSP.dll
0x000007fefc1e0000 - 0x000007fefc227000 	C:\Windows\system32\rsaenh.dll
0x000007fefbf90000 - 0x000007fefbfae000 	C:\Windows\system32\USERENV.dll
0x000007fefcc50000 - 0x000007fefcc5f000 	C:\Windows\system32\profapi.dll
0x000007fefcb80000 - 0x000007fefcb8f000 	C:\Windows\system32\CRYPTBASE.dll
0x00000000736e0000 - 0x00000000736f9000 	C:\Program Files\Java\jdk1.7.0_17\jre\bin\net.dll
0x000007fefc480000 - 0x000007fefc4d5000 	C:\Windows\system32\mswsock.dll
0x000007fefc470000 - 0x000007fefc477000 	C:\Windows\System32\wship6.dll
0x000007fefb050000 - 0x000007fefb065000 	C:\Windows\system32\NLAapi.dll
0x000007fef4d50000 - 0x000007fef4d65000 	C:\Windows\system32\napinsp.dll
0x000007fef4d30000 - 0x000007fef4d49000 	C:\Windows\system32\pnrpnsp.dll
0x000007fefc300000 - 0x000007fefc35b000 	C:\Windows\system32\DNSAPI.dll
0x000007fef4a00000 - 0x000007fef4a0b000 	C:\Windows\System32\winrnr.dll
0x000007fefbe80000 - 0x000007fefbe87000 	C:\Windows\System32\wshtcpip.dll
0x000007fefa7a0000 - 0x000007fefa7c7000 	C:\Windows\system32\IPHLPAPI.DLL
0x000007fefa830000 - 0x000007fefa83b000 	C:\Windows\system32\WINNSI.DLL
0x000007fef5260000 - 0x000007fef5268000 	C:\Windows\system32\rasadhlp.dll
0x000007fefa7d0000 - 0x000007fefa823000 	C:\Windows\System32\fwpuclnt.dll
0x00000000735e0000 - 0x00000000735f1000 	C:\Program Files\Java\jdk1.7.0_17\jre\bin\nio.dll
0x0000000180000000 - 0x0000000180037000 	C:\Users\lprado\AppData\Local\Temp\jna4648264726543395964.dll
0x0000000000360000 - 0x0000000000370000 	C:\Users\lprado\AppData\Local\Temp\jline_.dll
0x00000000736d0000 - 0x00000000736db000 	C:\Program Files\Java\jdk1.7.0_17\jre\bin\management.dll
0x000007fef2e30000 - 0x000007fef2f55000 	C:\Windows\system32\dbghelp.dll

VM Arguments:
jvm_args: -Xmx768M -XX:MaxPermSize=256m -Dbase.dir=D:\Proyectos\almacenWeb -Djline.terminal=jline.UnsupportedTerminal -Dgrails.home=D:\springsource\grails-2.2.1 -javaagent:D:\springsource\grails-2.2.1\lib\org.springsource.springloaded\springloaded-core\jars\springloaded-core-1.1.1.jar -Xverify:none -Dspringloaded=profile=grails;cacheDir=D:\Desarrollo\Workspaces\grails\.metadata\.plugins\org.grails.ide.eclipse.core\2.2.1 -Dfile.encoding=Cp1252 
java_command: org.codehaus.groovy.grails.cli.support.GrailsStarter --conf D:\springsource\grails-2.2.1\conf\groovy-starter.conf --main org.codehaus.groovy.grails.cli.GrailsScriptRunner run-app
Launcher Type: SUN_STANDARD

Environment Variables:
JAVA_HOME=C:\Program Files\Java\jdk1.7.0_17
PATH=C:\Program Files\ibm\gsk8\lib64;C:\Program Files\ibm\gsk8\bin;C:\Program Files\IBM Informix Client SDK\bin;C:\Windows\system32;C:\Windows;C:\Windows\System32\Wbem;C:\Windows\System32\WindowsPowerShell\v1.0\;C:\Program Files (x86)\IBM\Informix\Client-SDK\bin;C:\Program Files (x86)\ibm\gsk7\bin;C:\Program Files (x86)\ibm\gsk7\lib;D:\Desarrollo\groovy-2.0.0\bin;D:\Desarrollo\grails-2.1.0\bin;C:\Program Files\Java\jdk1.7.0_17\bin;C:\Program Files\TortoiseSVN\bin;C:\Program Files\SlikSvn\bin\;D:\Desarrollo\apache-maven-3.0.4-bin\apache-maven-3.0.4\\bin;C:\Program Files\Calibre2\
USERNAME=lprado
OS=Windows_NT
PROCESSOR_IDENTIFIER=Intel64 Family 6 Model 42 Stepping 7, GenuineIntel



---------------  S Y S T E M  ---------------

OS: Windows 7 , 64 bit Build 7601 Service Pack 1

CPU:total 8 (4 cores per cpu, 2 threads per core) family 6 model 42 stepping 7, cmov, cx8, fxsr, mmx, sse, sse2, sse3, ssse3, sse4.1, sse4.2, popcnt, avx, ht, tsc, tscinvbit

Memory: 4k page, physical 8344628k(2649620k free), swap 16687400k(9504016k free)

vm_info: Java HotSpot(TM) 64-Bit Server VM (23.7-b01) for windows-amd64 JRE (1.7.0_17-b02), built on Mar  1 2013 03:38:30 by "java_re" with unknown MS VC++:1600

time: Sat May 11 10:47:53 2013
elapsed time: 34093 seconds

