#
# A fatal error has been detected by the Java Runtime Environment:
#
#  EXCEPTION_ACCESS_VIOLATION (0xc0000005) at pc=0x0000000065157a11, pid=7480, tid=3892
#
# JRE version: 7.0_17-b02
# Java VM: Java HotSpot(TM) 64-Bit Server VM (23.7-b01 mixed mode windows-amd64 compressed oops)
# Problematic frame:
# V  [jvm.dll+0x267a11]
#
# Failed to write core dump. Minidumps are not enabled by default on client versions of Windows
#
# If you would like to submit a bug report, please visit:
#   http://bugreport.sun.com/bugreport/crash.jsp
#

---------------  T H R E A D  ---------------

Current thread (0x0000000015da5800):  JavaThread "FileSystemWatcher: files=#7 cl=groovy.lang.GroovyClassLoader@db22062" daemon [_thread_in_vm, id=3892, stack(0x0000000019e80000,0x0000000019f80000)]

siginfo: ExceptionCode=0xc0000005, reading address 0x0000000000000022

Registers:
RAX=0x0000000002777500, RBX=0x0000000019f7cb60, RCX=0x0000000019f7cc40, RDX=0x0000000002744f90
RSP=0x0000000019f7cb00, RBP=0x0000000019f7cc30, RSI=0x0000000019f7cc70, RDI=0x0000000019f7cc40
R8 =0x000000000000001a, R9 =0x0000000011d9f760, R10=0x0000000002ca81d0, R11=0x0000000019f7caf0
R12=0x0000000000000000, R13=0x0000000015e1d0a0, R14=0x0000000000000000, R15=0x0000000011d9f750
RIP=0x0000000065157a11, EFLAGS=0x0000000000010246

Top of Stack: (sp=0x0000000019f7cb00)
0x0000000019f7cb00:   0000000019f7cb60 0000000019f7cc30
0x0000000019f7cb10:   0000000000000000 0000000015e1d0a0
0x0000000019f7cb20:   0000000000000000 0000000064f2ea16
0x0000000019f7cb30:   0000000002ca8050 0000000011d9f760
0x0000000019f7cb40:   0000000019f7cc30 000000000000000a
0x0000000019f7cb50:   0000000d02bf0101 0000000002ca8050
0x0000000019f7cb60:   0000000019f7ed10 0000000011d9f760
0x0000000019f7cb70:   0000000000000000 0000000000000000
0x0000000019f7cb80:   000000000000001a 0000000019f7ed10
0x0000000019f7cb90:   0000000000000400 0000000011d9fb38
0x0000000019f7cba0:   0000000015da5800 0000000002ca8220
0x0000000019f7cbb0:   fffffff800000009 0000000002ca8050
0x0000000019f7cbc0:   0000000000000000 0000000011d9f760
0x0000000019f7cbd0:   0000000011d9fc68 00000000f023d040
0x0000000019f7cbe0:   00000000f023d060 00000000f023d0f0
0x0000000019f7cbf0:   000000000000000d 0000000000000002 

Instructions: (pc=0x0000000065157a11)
0x00000000651579f1:   cb e8 49 fe ff ff 48 8b c7 48 8b 5c 24 30 48 8b
0x0000000065157a01:   74 24 38 48 83 c4 20 5f c3 4c 8b 43 20 48 8b cf
0x0000000065157a11:   4d 8b 48 08 49 8d 50 10 4d 8b 00 e8 bf e5 dc ff
0x0000000065157a21:   48 8b 5c 24 30 48 8b 74 24 38 48 8b c7 48 83 c4 


Register to memory mapping:

RAX=0x0000000002777500 is pointing into interpreter code (not bytecode specific)
RBX=0x0000000019f7cb60 is pointing into the stack for thread: 0x0000000015da5800
RCX=0x0000000019f7cc40 is pointing into the stack for thread: 0x0000000015da5800
RDX=0x0000000002744f90 [CodeBlob (0x0000000002744f90)]
Framesize: 6
RicochetBlob
RSP=0x0000000019f7cb00 is pointing into the stack for thread: 0x0000000015da5800
RBP=0x0000000019f7cc30 is pointing into the stack for thread: 0x0000000015da5800
RSI=0x0000000019f7cc70 is pointing into the stack for thread: 0x0000000015da5800
RDI=0x0000000019f7cc40 is pointing into the stack for thread: 0x0000000015da5800
R8 =0x000000000000001a is an unknown value
R9 =0x0000000011d9f760 is an unknown value
R10=0x0000000002ca8050 [CodeBlob (0x0000000002ca8050)]
Framesize: 4
R11=0x0000000019f7caf0 is pointing into the stack for thread: 0x0000000015da5800
R12=0x0000000000000000 is an unknown value
R13=0x0000000015e1d0a0 is an unknown value
R14=0x0000000000000000 is an unknown value
R15=0x0000000011d9f750 is an unknown value


Stack: [0x0000000019e80000,0x0000000019f80000],  sp=0x0000000019f7cb00,  free space=1010k
Native frames: (J=compiled Java code, j=interpreted, Vv=VM code, C=native code)
V  [jvm.dll+0x267a11]
C  0x0000000019f7ea08
V  [jvm.dll+0x1ae734]

Java frames: (J=compiled Java code, j=interpreted, Vv=VM code)
J  java.lang.Throwable.fillInStackTrace(I)Ljava/lang/Throwable;
J  java.lang.ClassNotFoundException.<init>(Ljava/lang/String;)V
J  java.net.URLClassLoader$1.run()Ljava/lang/Object;
v  ~StubRoutines::call_stub
J  java.security.AccessController.doPrivileged(Ljava/security/PrivilegedExceptionAction;Ljava/security/AccessControlContext;)Ljava/lang/Object;
J  org.codehaus.groovy.tools.RootLoader.loadClass(Ljava/lang/String;Z)Ljava/lang/Class;
J  org.codehaus.groovy.grails.cli.support.GrailsRootLoader.loadClass(Ljava/lang/String;Z)Ljava/lang/Class;
J  java.lang.ClassLoader.loadClass(Ljava/lang/String;Z)Ljava/lang/Class;
j  groovy.lang.GroovyClassLoader.loadClass(Ljava/lang/String;ZZZ)Ljava/lang/Class;+30
j  groovy.lang.GroovyClassLoader.loadClass(Ljava/lang/String;Z)Ljava/lang/Class;+5
J  java.lang.ClassLoader.loadClass(Ljava/lang/String;Z)Ljava/lang/Class;
J  java.lang.ClassLoader.loadClass(Ljava/lang/String;)Ljava/lang/Class;
v  ~StubRoutines::call_stub
j  mx.gob.inr.utils.IOperacionService$$EO61aim6.___clinit___()V+10
C  0x000000000000184c
V  [jvm.dll+0x1ae734]
C  0x0000000011d9f760

[error occurred during error reporting (printing Java stack), id 0xc0000005]


---------------  P R O C E S S  ---------------

Java Threads: ( => current thread )
=>0x0000000015da5800 JavaThread "FileSystemWatcher: files=#7 cl=groovy.lang.GroovyClassLoader@db22062" daemon [_thread_in_vm, id=3892, stack(0x0000000019e80000,0x0000000019f80000)]
  0x0000000015da5000 JavaThread "FileSystemWatcher: files=#7 cl=groovy.lang.GroovyClassLoader@63179054" daemon [_thread_blocked, id=9660, stack(0x0000000019d30000,0x0000000019e30000)]
  0x0000000015da4000 JavaThread "Java2D Disposer" daemon [_thread_blocked, id=8368, stack(0x00000000198a0000,0x00000000199a0000)]
  0x0000000015da3800 JavaThread "http-bio-8090-exec-10" daemon [_thread_blocked, id=9496, stack(0x00000000199d0000,0x0000000019ad0000)]
  0x0000000015da2800 JavaThread "http-bio-8090-exec-9" daemon [_thread_blocked, id=4232, stack(0x0000000018010000,0x0000000018110000)]
  0x0000000015da2000 JavaThread "http-bio-8090-exec-8" daemon [_thread_blocked, id=7964, stack(0x0000000019730000,0x0000000019830000)]
  0x0000000015da1000 JavaThread "http-bio-8090-exec-7" daemon [_thread_blocked, id=244, stack(0x000000000cfc0000,0x000000000d0c0000)]
  0x0000000015da0800 JavaThread "http-bio-8090-exec-6" daemon [_thread_blocked, id=9816, stack(0x0000000019600000,0x0000000019700000)]
  0x0000000015d9f800 JavaThread "http-bio-8090-exec-5" daemon [_thread_blocked, id=9776, stack(0x0000000019450000,0x0000000019550000)]
  0x0000000015d9f000 JavaThread "http-bio-8090-exec-4" daemon [_thread_blocked, id=8112, stack(0x00000000181b0000,0x00000000182b0000)]
  0x0000000015d9e000 JavaThread "http-bio-8090-exec-3" daemon [_thread_blocked, id=7820, stack(0x0000000016d20000,0x0000000016e20000)]
  0x0000000015d9c800 JavaThread "http-bio-8090-exec-2" daemon [_thread_blocked, id=5208, stack(0x0000000017ee0000,0x0000000017fe0000)]
  0x0000000015d9b800 JavaThread "http-bio-8090-exec-1" daemon [_thread_blocked, id=1216, stack(0x0000000014a90000,0x0000000014b90000)]
  0x0000000015d9b000 JavaThread "Thread-10" daemon [_thread_blocked, id=7784, stack(0x0000000016c10000,0x0000000016d10000)]
  0x000000000b40b000 JavaThread "http-bio-8090-AsyncTimeout" daemon [_thread_blocked, id=5344, stack(0x0000000015370000,0x0000000015470000)]
  0x000000000b40a800 JavaThread "http-bio-8090-Acceptor-0" daemon [_thread_in_native, id=9676, stack(0x0000000014950000,0x0000000014a50000)]
  0x000000000b409800 JavaThread "ContainerBackgroundProcessor[StandardEngine[Tomcat]]" daemon [_thread_blocked, id=6668, stack(0x000000000e100000,0x000000000e200000)]
  0x000000000b408000 JavaThread "net.sf.ehcache.CacheManager@67713565" daemon [_thread_blocked, id=9600, stack(0x000000000f670000,0x000000000f770000)]
  0x000000000b407800 JavaThread "net.sf.ehcache.CacheManager@2ed0fd47" daemon [_thread_blocked, id=10092, stack(0x000000000f560000,0x000000000f660000)]
  0x000000000b404800 JavaThread "pool-2-thread-5" [_thread_blocked, id=7084, stack(0x0000000015b00000,0x0000000015c00000)]
  0x000000000b403800 JavaThread "pool-2-thread-4" [_thread_blocked, id=2636, stack(0x0000000015930000,0x0000000015a30000)]
  0x000000000b403000 JavaThread "pool-2-thread-3" [_thread_blocked, id=6172, stack(0x0000000015800000,0x0000000015900000)]
  0x000000000b402000 JavaThread "pool-2-thread-2" [_thread_blocked, id=8888, stack(0x0000000015670000,0x0000000015770000)]
  0x000000000b401800 JavaThread "pool-2-thread-1" [_thread_blocked, id=2008, stack(0x0000000015540000,0x0000000015640000)]
  0x000000000b400000 JavaThread "pool-1-thread-5" [_thread_blocked, id=2096, stack(0x0000000015230000,0x0000000015330000)]
  0x000000000b3ff000 JavaThread "pool-1-thread-4" [_thread_blocked, id=8440, stack(0x0000000015060000,0x0000000015160000)]
  0x000000000b3fe800 JavaThread "pool-1-thread-3" [_thread_blocked, id=8760, stack(0x0000000014c30000,0x0000000014d30000)]
  0x000000000b3fd800 JavaThread "pool-1-thread-2" [_thread_blocked, id=7056, stack(0x0000000014ed0000,0x0000000014fd0000)]
  0x000000000b3fd000 JavaThread "pool-1-thread-1" [_thread_blocked, id=9784, stack(0x0000000014d50000,0x0000000014e50000)]
  0x000000000b3fc000 JavaThread "FileSystemWatcher: files=#443 cl=java.net.URLClassLoader@49d82f27" daemon [_thread_blocked, id=9288, stack(0x0000000012730000,0x0000000012830000)]
  0x000000000b1b5000 JavaThread "Service Thread" daemon [_thread_blocked, id=6920, stack(0x000000000bc60000,0x000000000bd60000)]
  0x000000000b1b2000 JavaThread "C2 CompilerThread1" daemon [_thread_blocked, id=9264, stack(0x000000000bac0000,0x000000000bbc0000)]
  0x000000000b1b1000 JavaThread "C2 CompilerThread0" daemon [_thread_blocked, id=4812, stack(0x000000000b850000,0x000000000b950000)]
  0x000000000b14f000 JavaThread "Attach Listener" daemon [_thread_blocked, id=7956, stack(0x000000000b530000,0x000000000b630000)]
  0x000000000b14e000 JavaThread "Signal Dispatcher" daemon [_thread_blocked, id=9060, stack(0x000000000b6b0000,0x000000000b7b0000)]
  0x000000000906a800 JavaThread "Finalizer" daemon [_thread_blocked, id=8396, stack(0x000000000b000000,0x000000000b100000)]
  0x0000000009062000 JavaThread "Reference Handler" daemon [_thread_blocked, id=7236, stack(0x000000000ae40000,0x000000000af40000)]
  0x000000000214d800 JavaThread "main" [_thread_blocked, id=7796, stack(0x0000000002470000,0x0000000002570000)]

Other Threads:
  0x000000000905b000 VMThread [stack: 0x000000000ad00000,0x000000000ae00000] [id=2584]
  0x000000000b1ba800 WatcherThread [stack: 0x000000000be30000,0x000000000bf30000] [id=1280]

VM state:not at safepoint (normal execution)

VM Mutex/Monitor currently owned by a thread: None

Heap
 PSYoungGen      total 222464K, used 30547K [0x00000000f0000000, 0x0000000100000000, 0x0000000100000000)
  eden space 194304K, 1% used [0x00000000f0000000,0x00000000f0262450,0x00000000fbdc0000)
  from space 28160K, 99% used [0x00000000fbdc0000,0x00000000fd932ae8,0x00000000fd940000)
  to   space 36608K, 0% used [0x00000000fdc40000,0x00000000fdc40000,0x0000000100000000)
 ParOldGen       total 238848K, used 181526K [0x00000000d0000000, 0x00000000de940000, 0x00000000f0000000)
  object space 238848K, 76% used [0x00000000d0000000,0x00000000db145860,0x00000000de940000)
 PSPermGen       total 133632K, used 106104K [0x00000000c0000000, 0x00000000c8280000, 0x00000000d0000000)
  object space 133632K, 79% used [0x00000000c0000000,0x00000000c679e1c8,0x00000000c8280000)

Card table byte_map: [0x0000000005740000,0x0000000005950000] byte_map_base: 0x0000000005140000

Polling page: 0x0000000000320000

Code Cache  [0x0000000002740000, 0x0000000003060000, 0x0000000005740000)
 total_blobs=2942 nmethods=2165 adapters=726 free_code_cache=40432Kb largest_free_block=40770176

Compilation events (10 events):
Event: 153.098 Thread 0x000000000b1b2000 2550             org.springframework.web.util.HtmlCharacterEntityReferences::convertToReference (53 bytes)
Event: 153.099 Thread 0x000000000b1b2000 nmethod 2550 0x0000000002d7c790 code [0x0000000002d7c8c0, 0x0000000002d7c978]
Event: 153.099 Thread 0x000000000b1b1000 2551             org.springframework.web.util.HtmlUtils::htmlEscape (77 bytes)
Event: 153.105 Thread 0x000000000b1b1000 nmethod 2551 0x000000000290b490 code [0x000000000290b620, 0x000000000290bc78]
Event: 153.315 Thread 0x000000000b1b2000 2552             org.apache.tomcat.util.buf.CharChunk::indexOf (26 bytes)
Event: 153.316 Thread 0x000000000b1b2000 nmethod 2552 0x0000000002d7c490 code [0x0000000002d7c5c0, 0x0000000002d7c6d8]
Event: 228.730 Thread 0x000000000b1b1000 2553   !         java.io.Win32FileSystem::resolve (362 bytes)
Event: 228.738 Thread 0x000000000b1b1000 nmethod 2553 0x0000000002909190 code [0x0000000002909500, 0x000000000290a258]
Event: 228.807 Thread 0x000000000b1b2000 2554             sun.nio.cs.StreamDecoder::read (5 bytes)
Event: 228.857 Thread 0x000000000b1b2000 nmethod 2554 0x0000000002f62110 code [0x0000000002f623a0, 0x0000000002f640d8]

GC Heap History (10 events):
Event: 28.947 GC heap before
{Heap before GC invocations=49 (full 2):
 PSYoungGen      total 233664K, used 229897K [0x00000000f0000000, 0x0000000100000000, 0x0000000100000000)
  eden space 212992K, 100% used [0x00000000f0000000,0x00000000fd000000,0x00000000fd000000)
  from space 20672K, 81% used [0x00000000febd0000,0x00000000ffc526f0,0x0000000100000000)
  to   space 24576K, 0% used [0x00000000fd000000,0x00000000fd000000,0x00000000fe800000)
 ParOldGen       total 238848K, used 181502K [0x00000000d0000000, 0x00000000de940000, 0x00000000f0000000)
  object space 238848K, 75% used [0x00000000d0000000,0x00000000db13f860,0x00000000de940000)
 PSPermGen       total 133632K, used 103240K [0x00000000c0000000, 0x00000000c8280000, 0x00000000d0000000)
  object space 133632K, 77% used [0x00000000c0000000,0x00000000c64d21c0,0x00000000c8280000)
Event: 28.962 GC heap after
Heap after GC invocations=49 (full 2):
 PSYoungGen      total 234688K, used 21674K [0x00000000f0000000, 0x0000000100000000, 0x0000000100000000)
  eden space 212992K, 0% used [0x00000000f0000000,0x00000000f0000000,0x00000000fd000000)
  from space 21696K, 99% used [0x00000000fd000000,0x00000000fe52aa10,0x00000000fe530000)
  to   space 26880K, 0% used [0x00000000fe5c0000,0x00000000fe5c0000,0x0000000100000000)
 ParOldGen       total 238848K, used 181510K [0x00000000d0000000, 0x00000000de940000, 0x00000000f0000000)
  object space 238848K, 75% used [0x00000000d0000000,0x00000000db141860,0x00000000de940000)
 PSPermGen       total 133632K, used 103240K [0x00000000c0000000, 0x00000000c8280000, 0x00000000d0000000)
  object space 133632K, 77% used [0x00000000c0000000,0x00000000c64d21c0,0x00000000c8280000)
}
Event: 64.336 GC heap before
{Heap before GC invocations=50 (full 2):
 PSYoungGen      total 234688K, used 234666K [0x00000000f0000000, 0x0000000100000000, 0x0000000100000000)
  eden space 212992K, 100% used [0x00000000f0000000,0x00000000fd000000,0x00000000fd000000)
  from space 21696K, 99% used [0x00000000fd000000,0x00000000fe52aa10,0x00000000fe530000)
  to   space 26880K, 0% used [0x00000000fe5c0000,0x00000000fe5c0000,0x0000000100000000)
 ParOldGen       total 238848K, used 181510K [0x00000000d0000000, 0x00000000de940000, 0x00000000f0000000)
  object space 238848K, 75% used [0x00000000d0000000,0x00000000db141860,0x00000000de940000)
 PSPermGen       total 133632K, used 103870K [0x00000000c0000000, 0x00000000c8280000, 0x00000000d0000000)
  object space 133632K, 77% used [0x00000000c0000000,0x00000000c656f888,0x00000000c8280000)
Event: 64.350 GC heap after
Heap after GC invocations=50 (full 2):
 PSYoungGen      total 230400K, used 23415K [0x00000000f0000000, 0x0000000100000000, 0x0000000100000000)
  eden space 203520K, 0% used [0x00000000f0000000,0x00000000f0000000,0x00000000fc6c0000)
  from space 26880K, 87% used [0x00000000fe5c0000,0x00000000ffc9dc68,0x0000000100000000)
  to   space 29312K, 0% used [0x00000000fc6c0000,0x00000000fc6c0000,0x00000000fe360000)
 ParOldGen       total 238848K, used 181510K [0x00000000d0000000, 0x00000000de940000, 0x00000000f0000000)
  object space 238848K, 75% used [0x00000000d0000000,0x00000000db141860,0x00000000de940000)
 PSPermGen       total 133632K, used 103870K [0x00000000c0000000, 0x00000000c8280000, 0x00000000d0000000)
  object space 133632K, 77% used [0x00000000c0000000,0x00000000c656f888,0x00000000c8280000)
}
Event: 149.941 GC heap before
{Heap before GC invocations=51 (full 2):
 PSYoungGen      total 230400K, used 226935K [0x00000000f0000000, 0x0000000100000000, 0x0000000100000000)
  eden space 203520K, 100% used [0x00000000f0000000,0x00000000fc6c0000,0x00000000fc6c0000)
  from space 26880K, 87% used [0x00000000fe5c0000,0x00000000ffc9dc68,0x0000000100000000)
  to   space 29312K, 0% used [0x00000000fc6c0000,0x00000000fc6c0000,0x00000000fe360000)
 ParOldGen       total 238848K, used 181510K [0x00000000d0000000, 0x00000000de940000, 0x00000000f0000000)
  object space 238848K, 75% used [0x00000000d0000000,0x00000000db141860,0x00000000de940000)
 PSPermGen       total 133632K, used 105243K [0x00000000c0000000, 0x00000000c8280000, 0x00000000d0000000)
  object space 133632K, 78% used [0x00000000c0000000,0x00000000c66c6e48,0x00000000c8280000)
Event: 149.957 GC heap after
Heap after GC invocations=51 (full 2):
 PSYoungGen      total 227840K, used 24289K [0x00000000f0000000, 0x0000000100000000, 0x0000000100000000)
  eden space 203520K, 0% used [0x00000000f0000000,0x00000000f0000000,0x00000000fc6c0000)
  from space 24320K, 99% used [0x00000000fc6c0000,0x00000000fde78590,0x00000000fde80000)
  to   space 31616K, 0% used [0x00000000fe120000,0x00000000fe120000,0x0000000100000000)
 ParOldGen       total 238848K, used 181518K [0x00000000d0000000, 0x00000000de940000, 0x00000000f0000000)
  object space 238848K, 75% used [0x00000000d0000000,0x00000000db143860,0x00000000de940000)
 PSPermGen       total 133632K, used 105243K [0x00000000c0000000, 0x00000000c8280000, 0x00000000d0000000)
  object space 133632K, 78% used [0x00000000c0000000,0x00000000c66c6e48,0x00000000c8280000)
}
Event: 150.658 GC heap before
{Heap before GC invocations=52 (full 2):
 PSYoungGen      total 227840K, used 227809K [0x00000000f0000000, 0x0000000100000000, 0x0000000100000000)
  eden space 203520K, 100% used [0x00000000f0000000,0x00000000fc6c0000,0x00000000fc6c0000)
  from space 24320K, 99% used [0x00000000fc6c0000,0x00000000fde78590,0x00000000fde80000)
  to   space 31616K, 0% used [0x00000000fe120000,0x00000000fe120000,0x0000000100000000)
 ParOldGen       total 238848K, used 181518K [0x00000000d0000000, 0x00000000de940000, 0x00000000f0000000)
  object space 238848K, 75% used [0x00000000d0000000,0x00000000db143860,0x00000000de940000)
 PSPermGen       total 133632K, used 105901K [0x00000000c0000000, 0x00000000c8280000, 0x00000000d0000000)
  object space 133632K, 79% used [0x00000000c0000000,0x00000000c676b720,0x00000000c8280000)
Event: 150.679 GC heap after
Heap after GC invocations=52 (full 2):
 PSYoungGen      total 225920K, used 25913K [0x00000000f0000000, 0x0000000100000000, 0x0000000100000000)
  eden space 194304K, 0% used [0x00000000f0000000,0x00000000f0000000,0x00000000fbdc0000)
  from space 31616K, 81% used [0x00000000fe120000,0x00000000ffa6e5d8,0x0000000100000000)
  to   space 33920K, 0% used [0x00000000fbdc0000,0x00000000fbdc0000,0x00000000fdee0000)
 ParOldGen       total 238848K, used 181518K [0x00000000d0000000, 0x00000000de940000, 0x00000000f0000000)
  object space 238848K, 75% used [0x00000000d0000000,0x00000000db143860,0x00000000de940000)
 PSPermGen       total 133632K, used 105901K [0x00000000c0000000, 0x00000000c8280000, 0x00000000d0000000)
  object space 133632K, 79% used [0x00000000c0000000,0x00000000c676b720,0x00000000c8280000)
}
Event: 228.808 GC heap before
{Heap before GC invocations=53 (full 2):
 PSYoungGen      total 225920K, used 220217K [0x00000000f0000000, 0x0000000100000000, 0x0000000100000000)
  eden space 194304K, 100% used [0x00000000f0000000,0x00000000fbdc0000,0x00000000fbdc0000)
  from space 31616K, 81% used [0x00000000fe120000,0x00000000ffa6e5d8,0x0000000100000000)
  to   space 33920K, 0% used [0x00000000fbdc0000,0x00000000fbdc0000,0x00000000fdee0000)
 ParOldGen       total 238848K, used 181518K [0x00000000d0000000, 0x00000000de940000, 0x00000000f0000000)
  object space 238848K, 75% used [0x00000000d0000000,0x00000000db143860,0x00000000de940000)
 PSPermGen       total 133632K, used 106094K [0x00000000c0000000, 0x00000000c8280000, 0x00000000d0000000)
  object space 133632K, 79% used [0x00000000c0000000,0x00000000c679bad0,0x00000000c8280000)
Event: 228.837 GC heap after
Heap after GC invocations=53 (full 2):
 PSYoungGen      total 222464K, used 28106K [0x00000000f0000000, 0x0000000100000000, 0x0000000100000000)
  eden space 194304K, 0% used [0x00000000f0000000,0x00000000f0000000,0x00000000fbdc0000)
  from space 28160K, 99% used [0x00000000fbdc0000,0x00000000fd932ae8,0x00000000fd940000)
  to   space 36608K, 0% used [0x00000000fdc40000,0x00000000fdc40000,0x0000000100000000)
 ParOldGen       total 238848K, used 181526K [0x00000000d0000000, 0x00000000de940000, 0x00000000f0000000)
  object space 238848K, 76% used [0x00000000d0000000,0x00000000db145860,0x00000000de940000)
 PSPermGen       total 133632K, used 106094K [0x00000000c0000000, 0x00000000c8280000, 0x00000000d0000000)
  object space 133632K, 79% used [0x00000000c0000000,0x00000000c679bad0,0x00000000c8280000)
}

Deoptimization events (10 events):
Event: 152.917 Thread 0x0000000015da2800 Uncommon trap -58 fr.pc 0x00000000029c3ed8
Event: 152.923 Thread 0x0000000015da2800 Uncommon trap -34 fr.pc 0x00000000028f6a20
Event: 228.751 Thread 0x0000000015d9b000 Uncommon trap -42 fr.pc 0x0000000002abce10
Event: 228.840 Thread 0x0000000015d9b000 Uncommon trap -12 fr.pc 0x0000000002ed8ae0
Event: 228.851 Thread 0x0000000015d9b000 Uncommon trap -83 fr.pc 0x0000000002d14d8c
Event: 229.054 Thread 0x0000000015da5800 Uncommon trap -83 fr.pc 0x0000000002b05e8c
Event: 229.054 Thread 0x0000000015da5800 Uncommon trap -83 fr.pc 0x0000000002a59698
Event: 229.054 Thread 0x0000000015da5800 Uncommon trap -83 fr.pc 0x0000000002dddb9c
Event: 229.054 Thread 0x0000000015da5800 Uncommon trap -83 fr.pc 0x0000000002ad8248
Event: 229.054 Thread 0x0000000015da5800 Uncommon trap -83 fr.pc 0x0000000002bf0814

Internal exceptions (10 events):
Event: 228.843 Thread 0x0000000015d9b000 Threw 0x00000000f00c5ef8 at C:\jdk7u2_64p\jdk7u17\hotspot\src\share\vm\prims\jvm.cpp:1166
Event: 228.843 Thread 0x0000000015d9b000 Threw 0x00000000f00c66b8 at C:\jdk7u2_64p\jdk7u17\hotspot\src\share\vm\prims\jvm.cpp:1166
Event: 228.843 Thread 0x0000000015d9b000 Threw 0x00000000f00cdc68 at C:\jdk7u2_64p\jdk7u17\hotspot\src\share\vm\prims\jvm.cpp:1166
Event: 228.843 Thread 0x0000000015d9b000 Threw 0x00000000f00ce260 at C:\jdk7u2_64p\jdk7u17\hotspot\src\share\vm\prims\jvm.cpp:1166
Event: 228.843 Thread 0x0000000015d9b000 Threw 0x00000000f00cea20 at C:\jdk7u2_64p\jdk7u17\hotspot\src\share\vm\prims\jvm.cpp:1166
Event: 228.843 Thread 0x0000000015d9b000 Threw 0x00000000f00d6e58 at C:\jdk7u2_64p\jdk7u17\hotspot\src\share\vm\prims\jvm.cpp:1166
Event: 229.054 Thread 0x0000000015da5800 Implicit null exception at 0x0000000002a5953c to 0x0000000002a59689
Event: 229.054 Thread 0x0000000015da5800 Implicit null exception at 0x0000000002ddd9bf to 0x0000000002dddb88
Event: 229.054 Thread 0x0000000015da5800 Implicit null exception at 0x0000000002ad7f7f to 0x0000000002ad8236
Event: 229.054 Thread 0x0000000015da5800 Implicit null exception at 0x0000000002bf071c to 0x0000000002bf0806

Events (10 events):
Event: 229.054 Thread 0x0000000015da5800 DEOPT PACKING pc=0x0000000002a59698 sp=0x0000000019f7ed70
Event: 229.054 Thread 0x0000000015da5800 DEOPT UNPACKING pc=0x0000000002779164 sp=0x0000000019f7ed18 mode 2
Event: 229.054 Thread 0x0000000015da5800 DEOPT PACKING pc=0x0000000002dddb9c sp=0x0000000019f7d820
Event: 229.054 Thread 0x0000000015da5800 DEOPT UNPACKING pc=0x0000000002779164 sp=0x0000000019f7d7a0 mode 2
Event: 229.054 Thread 0x0000000015da5800 DEOPT PACKING pc=0x0000000002ad8248 sp=0x0000000019f7d820
Event: 229.054 Thread 0x0000000015da5800 DEOPT UNPACKING pc=0x0000000002779164 sp=0x0000000019f7d7a0 mode 2
Event: 229.054 Thread 0x0000000015da5800 DEOPT PACKING pc=0x0000000002bf0814 sp=0x0000000019f7d820
Event: 229.054 Thread 0x0000000015da5800 DEOPT UNPACKING pc=0x0000000002779164 sp=0x0000000019f7d7a0 mode 2
Event: 229.054 Executing VM operation: RevokeBias
Event: 229.055 Executing VM operation: RevokeBias done


Dynamic libraries:
0x000000013f7a0000 - 0x000000013f7d3000 	C:\Program Files\Java\jdk1.7.0_17\bin\javaw.exe
0x0000000076e70000 - 0x0000000077019000 	C:\Windows\SYSTEM32\ntdll.dll
0x0000000076d50000 - 0x0000000076e6f000 	C:\Windows\system32\kernel32.dll
0x000007fefcd70000 - 0x000007fefcddb000 	C:\Windows\system32\KERNELBASE.dll
0x000007fefd080000 - 0x000007fefd15b000 	C:\Windows\system32\ADVAPI32.dll
0x000007fefeff0000 - 0x000007feff08f000 	C:\Windows\system32\msvcrt.dll
0x000007fefee70000 - 0x000007fefee8f000 	C:\Windows\SYSTEM32\sechost.dll
0x000007fefd600000 - 0x000007fefd72d000 	C:\Windows\system32\RPCRT4.dll
0x0000000076c50000 - 0x0000000076d4a000 	C:\Windows\system32\USER32.dll
0x000007feff110000 - 0x000007feff177000 	C:\Windows\system32\GDI32.dll
0x000007fefdc60000 - 0x000007fefdc6e000 	C:\Windows\system32\LPK.dll
0x000007fefd530000 - 0x000007fefd5f9000 	C:\Windows\system32\USP10.dll
0x000007fefb6a0000 - 0x000007fefb894000 	C:\Windows\WinSxS\amd64_microsoft.windows.common-controls_6595b64144ccf1df_6.0.7601.17514_none_fa396087175ac9ac\COMCTL32.dll
0x000007fefd460000 - 0x000007fefd4d1000 	C:\Windows\system32\SHLWAPI.dll
0x000007fefeb00000 - 0x000007fefeb2e000 	C:\Windows\system32\IMM32.DLL
0x000007fefeb30000 - 0x000007fefec39000 	C:\Windows\system32\MSCTF.dll
0x000000006d470000 - 0x000000006d541000 	C:\Program Files\Java\jdk1.7.0_17\jre\bin\msvcr100.dll
0x0000000064ef0000 - 0x000000006560f000 	C:\Program Files\Java\jdk1.7.0_17\jre\bin\server\jvm.dll
0x000007fef7e20000 - 0x000007fef7e29000 	C:\Windows\system32\WSOCK32.dll
0x000007fefd4e0000 - 0x000007fefd52d000 	C:\Windows\system32\WS2_32.dll
0x000007fefd160000 - 0x000007fefd168000 	C:\Windows\system32\NSI.dll
0x000007fefaaa0000 - 0x000007fefaadb000 	C:\Windows\system32\WINMM.dll
0x0000000077040000 - 0x0000000077047000 	C:\Windows\system32\PSAPI.DLL
0x0000000074290000 - 0x000000007429f000 	C:\Program Files\Java\jdk1.7.0_17\jre\bin\verify.dll
0x000000006da50000 - 0x000000006da78000 	C:\Program Files\Java\jdk1.7.0_17\jre\bin\java.dll
0x000000006d760000 - 0x000000006d783000 	C:\Program Files\Java\jdk1.7.0_17\jre\bin\instrument.dll
0x0000000073700000 - 0x0000000073715000 	C:\Program Files\Java\jdk1.7.0_17\jre\bin\zip.dll
0x000007fefc4e0000 - 0x000007fefc4f7000 	C:\Windows\system32\CRYPTSP.dll
0x000007fefc1e0000 - 0x000007fefc227000 	C:\Windows\system32\rsaenh.dll
0x000007fefbf90000 - 0x000007fefbfae000 	C:\Windows\system32\USERENV.dll
0x000007fefcc50000 - 0x000007fefcc5f000 	C:\Windows\system32\profapi.dll
0x000007fefcb80000 - 0x000007fefcb8f000 	C:\Windows\system32\CRYPTBASE.dll
0x00000000736e0000 - 0x00000000736f9000 	C:\Program Files\Java\jdk1.7.0_17\jre\bin\net.dll
0x000007fefc480000 - 0x000007fefc4d5000 	C:\Windows\system32\mswsock.dll
0x000007fefc470000 - 0x000007fefc477000 	C:\Windows\System32\wship6.dll
0x000007fefb050000 - 0x000007fefb065000 	C:\Windows\system32\NLAapi.dll
0x000007fef4d50000 - 0x000007fef4d65000 	C:\Windows\system32\napinsp.dll
0x000007fef4d30000 - 0x000007fef4d49000 	C:\Windows\system32\pnrpnsp.dll
0x000007fefc300000 - 0x000007fefc35b000 	C:\Windows\system32\DNSAPI.dll
0x000007fef4a00000 - 0x000007fef4a0b000 	C:\Windows\System32\winrnr.dll
0x000007fefbe80000 - 0x000007fefbe87000 	C:\Windows\System32\wshtcpip.dll
0x000007fefa7a0000 - 0x000007fefa7c7000 	C:\Windows\system32\IPHLPAPI.DLL
0x000007fefa830000 - 0x000007fefa83b000 	C:\Windows\system32\WINNSI.DLL
0x000007fef5260000 - 0x000007fef5268000 	C:\Windows\system32\rasadhlp.dll
0x000007fefa7d0000 - 0x000007fefa823000 	C:\Windows\System32\fwpuclnt.dll
0x00000000735e0000 - 0x00000000735f1000 	C:\Program Files\Java\jdk1.7.0_17\jre\bin\nio.dll
0x0000000180000000 - 0x0000000180037000 	C:\Users\lprado\AppData\Local\Temp\jna2318509245138992853.dll
0x0000000001c90000 - 0x0000000001ca0000 	C:\Users\lprado\AppData\Local\Temp\jline_.dll
0x000000006d880000 - 0x000000006d88b000 	C:\Program Files\Java\jdk1.7.0_17\jre\bin\management.dll
0x0000000061cc0000 - 0x0000000061e53000 	C:\Program Files\Java\jdk1.7.0_17\jre\bin\awt.dll
0x000007fefd170000 - 0x000007fefd247000 	C:\Windows\system32\OLEAUT32.dll
0x000007fefd250000 - 0x000007fefd453000 	C:\Windows\system32\ole32.dll
0x000007fefa920000 - 0x000007fefa938000 	C:\Windows\system32\DWMAPI.DLL
0x000000006cd90000 - 0x000000006cdc4000 	C:\Program Files\Java\jdk1.7.0_17\jre\bin\fontmanager.dll
0x0000000068d50000 - 0x0000000068d91000 	C:\Program Files\Java\jdk1.7.0_17\jre\bin\t2k.dll
0x000007fef2e30000 - 0x000007fef2f55000 	C:\Windows\system32\dbghelp.dll

VM Arguments:
jvm_args: -Xmx768M -XX:MaxPermSize=256m -Dbase.dir=D:\Proyectos\almacenWeb -Djline.terminal=jline.UnsupportedTerminal -Dgrails.home=D:\springsource\grails-2.2.1 -javaagent:D:\springsource\grails-2.2.1\lib\org.springsource.springloaded\springloaded-core\jars\springloaded-core-1.1.1.jar -Xverify:none -Dspringloaded=profile=grails;cacheDir=D:\Desarrollo\Workspaces\grails\.metadata\.plugins\org.grails.ide.eclipse.core\2.2.1 -Dfile.encoding=Cp1252 
java_command: org.codehaus.groovy.grails.cli.support.GrailsStarter --conf D:\springsource\grails-2.2.1\conf\groovy-starter.conf --main org.codehaus.groovy.grails.cli.GrailsScriptRunner run-app
Launcher Type: SUN_STANDARD

Environment Variables:
JAVA_HOME=C:\Program Files\Java\jdk1.7.0_17
PATH=C:\Program Files\ibm\gsk8\lib64;C:\Program Files\ibm\gsk8\bin;C:\Program Files\IBM Informix Client SDK\bin;C:\Windows\system32;C:\Windows;C:\Windows\System32\Wbem;C:\Windows\System32\WindowsPowerShell\v1.0\;C:\Program Files (x86)\IBM\Informix\Client-SDK\bin;C:\Program Files (x86)\ibm\gsk7\bin;C:\Program Files (x86)\ibm\gsk7\lib;D:\Desarrollo\groovy-2.0.0\bin;D:\Desarrollo\grails-2.1.0\bin;C:\Program Files\Java\jdk1.7.0_17\bin;C:\Program Files\TortoiseSVN\bin;C:\Program Files\SlikSvn\bin\;D:\Desarrollo\apache-maven-3.0.4-bin\apache-maven-3.0.4\\bin;C:\Program Files\Calibre2\
USERNAME=lprado
OS=Windows_NT
PROCESSOR_IDENTIFIER=Intel64 Family 6 Model 42 Stepping 7, GenuineIntel



---------------  S Y S T E M  ---------------

OS: Windows 7 , 64 bit Build 7601 Service Pack 1

CPU:total 8 (4 cores per cpu, 2 threads per core) family 6 model 42 stepping 7, cmov, cx8, fxsr, mmx, sse, sse2, sse3, ssse3, sse4.1, sse4.2, popcnt, avx, ht, tsc, tscinvbit

Memory: 4k page, physical 8344628k(1128100k free), swap 16687400k(7005628k free)

vm_info: Java HotSpot(TM) 64-Bit Server VM (23.7-b01) for windows-amd64 JRE (1.7.0_17-b02), built on Mar  1 2013 03:38:30 by "java_re" with unknown MS VC++:1600

time: Thu May 16 12:39:39 2013
elapsed time: 229 seconds

